2017-09-15 18:50:07,323 [Worker-1] INFO  c.g.t.t.d.PublishedGradleVersions - Gradle version information cache is not available. Remote download required.
2017-10-18 21:15:43,734 [Worker-6] INFO  c.g.t.t.d.PublishedGradleVersions - Gradle version information cache is out-of-date. Trying to update.
2017-10-22 12:31:42,888 [Worker-2] INFO  c.g.t.t.d.PublishedGradleVersions - Gradle version information cache is out-of-date. Trying to update.
2017-10-22 13:09:05,282 [Worker-2] INFO  c.g.t.t.d.PublishedGradleVersions - Gradle version information cache is up-to-date. Trying to read.
2017-10-22 13:13:25,202 [Worker-5] INFO  c.g.t.t.d.PublishedGradleVersions - Gradle version information cache is up-to-date. Trying to read.
2017-10-22 13:16:20,408 [Worker-2] INFO  c.g.t.t.d.PublishedGradleVersions - Gradle version information cache is up-to-date. Trying to read.
2017-10-29 10:02:31,892 [Worker-1] INFO  c.g.t.t.d.PublishedGradleVersions - Gradle version information cache is out-of-date. Trying to update.
2017-10-29 10:12:52,956 [Worker-0] INFO  c.g.t.t.d.PublishedGradleVersions - Gradle version information cache is up-to-date. Trying to read.
2017-10-31 19:37:02,733 [Worker-0] INFO  c.g.t.t.d.PublishedGradleVersions - Gradle version information cache is out-of-date. Trying to update.
2017-11-01 22:27:59,423 [Worker-0] INFO  c.g.t.t.d.PublishedGradleVersions - Gradle version information cache is out-of-date. Trying to update.
2017-11-03 18:56:50,744 [Worker-5] INFO  c.g.t.t.d.PublishedGradleVersions - Gradle version information cache is out-of-date. Trying to update.
2017-11-04 12:41:27,801 [Worker-6] INFO  c.g.t.t.d.PublishedGradleVersions - Gradle version information cache is up-to-date. Trying to read.
2017-11-05 13:33:42,165 [Worker-7] INFO  c.g.t.t.d.PublishedGradleVersions - Gradle version information cache is out-of-date. Trying to update.
2017-11-05 18:09:38,552 [Worker-1] INFO  c.g.t.t.d.PublishedGradleVersions - Gradle version information cache is up-to-date. Trying to read.
2017-11-05 21:32:24,573 [Worker-2] INFO  c.g.t.t.d.PublishedGradleVersions - Gradle version information cache is up-to-date. Trying to read.
2018-02-21 21:04:22,370 [Worker-4] INFO  c.g.t.t.d.PublishedGradleVersions - Gradle version information cache is out-of-date. Trying to update.
2018-02-27 21:46:47,085 [Worker-4] INFO  c.g.t.t.d.PublishedGradleVersions - Gradle version information cache is out-of-date. Trying to update.
2018-02-28 21:26:38,663 [Worker-5] INFO  c.g.t.t.d.PublishedGradleVersions - Gradle version information cache is up-to-date. Trying to read.
2018-02-28 22:07:31,779 [main] INFO  o.e.r.s.GitSnippetRepository - Failed to parse query
org.apache.lucene.queryParser.ParseException: Cannot parse 'i]': Lexical error at line 1, column 3.  Encountered: <EOF> after : ""
	at org.apache.lucene.queryParser.QueryParser.parse(QueryParser.java:216) ~[org.apache.lucene.core_3.5.0.v20120725-1805.jar:3.5.0 1204988 - simon - 2011-11-22 14:46:51]
	at org.eclipse.recommenders.snipmatch.FileSnippetRepository.searchSnippetFiles(FileSnippetRepository.java:350) [org.eclipse.recommenders.snipmatch_2.5.0.v20171201-1623.jar:na]
	at org.eclipse.recommenders.snipmatch.FileSnippetRepository.doSearch(FileSnippetRepository.java:327) [org.eclipse.recommenders.snipmatch_2.5.0.v20171201-1623.jar:na]
	at org.eclipse.recommenders.snipmatch.FileSnippetRepository.search(FileSnippetRepository.java:309) [org.eclipse.recommenders.snipmatch_2.5.0.v20171201-1623.jar:na]
	at org.eclipse.recommenders.internal.snipmatch.rcp.EclipseGitSnippetRepository.search(EclipseGitSnippetRepository.java:283) [org.eclipse.recommenders.snipmatch.rcp_2.5.0.v20171201-1623.jar:na]
	at org.eclipse.recommenders.internal.snipmatch.rcp.completion.AbstractContentAssistProcessor.computeCompletionProposals(AbstractContentAssistProcessor.java:154) [org.eclipse.recommenders.snipmatch.rcp_2.5.0.v20171201-1623.jar:na]
	at org.eclipse.jface.text.contentassist.ContentAssistant$3.run(ContentAssistant.java:2007) [org.eclipse.jface.text_3.12.1.v20171114-1359.jar:na]
	at org.eclipse.core.runtime.SafeRunner.run(SafeRunner.java:42) [org.eclipse.equinox.common_3.9.0.v20170207-1454.jar:na]
	at org.eclipse.jface.text.contentassist.ContentAssistant.computeCompletionProposals(ContentAssistant.java:2004) [org.eclipse.jface.text_3.12.1.v20171114-1359.jar:na]
	at org.eclipse.jface.text.contentassist.CompletionProposalPopup.computeProposals(CompletionProposalPopup.java:560) [org.eclipse.jface.text_3.12.1.v20171114-1359.jar:na]
	at org.eclipse.jface.text.contentassist.CompletionProposalPopup.handleRepeatedInvocation(CompletionProposalPopup.java:542) [org.eclipse.jface.text_3.12.1.v20171114-1359.jar:na]
	at org.eclipse.jface.text.contentassist.CompletionProposalPopup.incrementalComplete(CompletionProposalPopup.java:1586) [org.eclipse.jface.text_3.12.1.v20171114-1359.jar:na]
	at org.eclipse.jface.text.contentassist.ContentAssistant.showPossibleCompletions(ContentAssistant.java:1822) [org.eclipse.jface.text_3.12.1.v20171114-1359.jar:na]
	at org.eclipse.recommenders.internal.snipmatch.rcp.completion.SnipmatchCompletionEngine$6.modifyText(SnipmatchCompletionEngine.java:252) [org.eclipse.recommenders.snipmatch.rcp_2.5.0.v20171201-1623.jar:na]
	at org.eclipse.swt.widgets.TypedListener.handleEvent(TypedListener.java:180) [org.eclipse.swt.win32.win32.x86_64_3.106.2.v20171129-0543.jar:na]
	at org.eclipse.swt.widgets.EventTable.sendEvent(EventTable.java:86) [org.eclipse.swt.win32.win32.x86_64_3.106.2.v20171129-0543.jar:na]
	at org.eclipse.swt.widgets.Display.sendEvent(Display.java:4428) [org.eclipse.swt.win32.win32.x86_64_3.106.2.v20171129-0543.jar:na]
	at org.eclipse.swt.widgets.Widget.sendEvent(Widget.java:1079) [org.eclipse.swt.win32.win32.x86_64_3.106.2.v20171129-0543.jar:na]
	at org.eclipse.swt.widgets.Widget.sendEvent(Widget.java:1103) [org.eclipse.swt.win32.win32.x86_64_3.106.2.v20171129-0543.jar:na]
	at org.eclipse.swt.widgets.Widget.sendEvent(Widget.java:1088) [org.eclipse.swt.win32.win32.x86_64_3.106.2.v20171129-0543.jar:na]
	at org.eclipse.swt.widgets.Widget.notifyListeners(Widget.java:802) [org.eclipse.swt.win32.win32.x86_64_3.106.2.v20171129-0543.jar:na]
	at org.eclipse.swt.custom.StyledText.modifyContent(StyledText.java:7363) [org.eclipse.swt.win32.win32.x86_64_3.106.2.v20171129-0543.jar:na]
	at org.eclipse.swt.custom.StyledText.sendKeyEvent(StyledText.java:8203) [org.eclipse.swt.win32.win32.x86_64_3.106.2.v20171129-0543.jar:na]
	at org.eclipse.swt.custom.StyledText.doBackspace(StyledText.java:2335) [org.eclipse.swt.win32.win32.x86_64_3.106.2.v20171129-0543.jar:na]
	at org.eclipse.swt.custom.StyledText.invokeAction(StyledText.java:7144) [org.eclipse.swt.win32.win32.x86_64_3.106.2.v20171129-0543.jar:na]
	at org.eclipse.swt.custom.StyledText.handleKey(StyledText.java:6007) [org.eclipse.swt.win32.win32.x86_64_3.106.2.v20171129-0543.jar:na]
	at org.eclipse.swt.custom.StyledText.handleKeyDown(StyledText.java:6034) [org.eclipse.swt.win32.win32.x86_64_3.106.2.v20171129-0543.jar:na]
	at org.eclipse.swt.custom.StyledText.lambda$1(StyledText.java:5732) [org.eclipse.swt.win32.win32.x86_64_3.106.2.v20171129-0543.jar:na]
	at org.eclipse.swt.custom.StyledText$$Lambda$266/1287460787.handleEvent(Unknown Source) [org.eclipse.swt.win32.win32.x86_64_3.106.2.v20171129-0543.jar:na]
	at org.eclipse.swt.widgets.EventTable.sendEvent(EventTable.java:86) [org.eclipse.swt.win32.win32.x86_64_3.106.2.v20171129-0543.jar:na]
	at org.eclipse.swt.widgets.Display.sendEvent(Display.java:4428) [org.eclipse.swt.win32.win32.x86_64_3.106.2.v20171129-0543.jar:na]
	at org.eclipse.swt.widgets.Widget.sendEvent(Widget.java:1079) [org.eclipse.swt.win32.win32.x86_64_3.106.2.v20171129-0543.jar:na]
	at org.eclipse.swt.widgets.Widget.sendEvent(Widget.java:1103) [org.eclipse.swt.win32.win32.x86_64_3.106.2.v20171129-0543.jar:na]
	at org.eclipse.swt.widgets.Widget.sendEvent(Widget.java:1088) [org.eclipse.swt.win32.win32.x86_64_3.106.2.v20171129-0543.jar:na]
	at org.eclipse.swt.widgets.Widget.sendKeyEvent(Widget.java:1130) [org.eclipse.swt.win32.win32.x86_64_3.106.2.v20171129-0543.jar:na]
	at org.eclipse.swt.widgets.Widget.sendKeyEvent(Widget.java:1126) [org.eclipse.swt.win32.win32.x86_64_3.106.2.v20171129-0543.jar:na]
	at org.eclipse.swt.widgets.Widget.wmChar(Widget.java:1547) [org.eclipse.swt.win32.win32.x86_64_3.106.2.v20171129-0543.jar:na]
	at org.eclipse.swt.widgets.Control.WM_CHAR(Control.java:4962) [org.eclipse.swt.win32.win32.x86_64_3.106.2.v20171129-0543.jar:na]
	at org.eclipse.swt.widgets.Canvas.WM_CHAR(Canvas.java:364) [org.eclipse.swt.win32.win32.x86_64_3.106.2.v20171129-0543.jar:na]
	at org.eclipse.swt.widgets.Control.windowProc(Control.java:4843) [org.eclipse.swt.win32.win32.x86_64_3.106.2.v20171129-0543.jar:na]
	at org.eclipse.swt.widgets.Canvas.windowProc(Canvas.java:359) [org.eclipse.swt.win32.win32.x86_64_3.106.2.v20171129-0543.jar:na]
	at org.eclipse.swt.widgets.Display.windowProc(Display.java:5178) [org.eclipse.swt.win32.win32.x86_64_3.106.2.v20171129-0543.jar:na]
	at org.eclipse.swt.internal.win32.OS.DispatchMessageW(Native Method) [org.eclipse.swt.win32.win32.x86_64_3.106.2.v20171129-0543.jar:na]
	at org.eclipse.swt.internal.win32.OS.DispatchMessage(OS.java:2560) [org.eclipse.swt.win32.win32.x86_64_3.106.2.v20171129-0543.jar:na]
	at org.eclipse.swt.widgets.Display.readAndDispatch(Display.java:3815) [org.eclipse.swt.win32.win32.x86_64_3.106.2.v20171129-0543.jar:na]
	at org.eclipse.e4.ui.internal.workbench.swt.PartRenderingEngine$5.run(PartRenderingEngine.java:1150) [org.eclipse.e4.ui.workbench.swt_0.14.101.v20170710-1119.jar:na]
	at org.eclipse.core.databinding.observable.Realm.runWithDefault(Realm.java:336) [org.eclipse.core.databinding.observable_1.6.100.v20170515-1119.jar:na]
	at org.eclipse.e4.ui.internal.workbench.swt.PartRenderingEngine.run(PartRenderingEngine.java:1039) [org.eclipse.e4.ui.workbench.swt_0.14.101.v20170710-1119.jar:na]
	at org.eclipse.e4.ui.internal.workbench.E4Workbench.createAndRunUI(E4Workbench.java:153) [org.eclipse.e4.ui.workbench_1.5.1.v20170815-1446.jar:na]
	at org.eclipse.ui.internal.Workbench.lambda$3(Workbench.java:680) [org.eclipse.ui.workbench_3.110.1.v20170704-1208.jar:na]
	at org.eclipse.ui.internal.Workbench$$Lambda$65/705062537.run(Unknown Source) [org.eclipse.ui.workbench_3.110.1.v20170704-1208.jar:na]
	at org.eclipse.core.databinding.observable.Realm.runWithDefault(Realm.java:336) [org.eclipse.core.databinding.observable_1.6.100.v20170515-1119.jar:na]
	at org.eclipse.ui.internal.Workbench.createAndRunWorkbench(Workbench.java:594) [org.eclipse.ui.workbench_3.110.1.v20170704-1208.jar:na]
	at org.eclipse.ui.PlatformUI.createAndRunWorkbench(PlatformUI.java:148) [org.eclipse.ui.workbench_3.110.1.v20170704-1208.jar:na]
	at org.eclipse.ui.internal.ide.application.IDEApplication.start(IDEApplication.java:151) [org.eclipse.ui.ide.application_1.2.0.v20170512-1452.jar:na]
	at org.eclipse.equinox.internal.app.EclipseAppHandle.run(EclipseAppHandle.java:196) [org.eclipse.equinox.app_1.3.400.v20150715-1528.jar:na]
	at org.eclipse.core.runtime.internal.adaptor.EclipseAppLauncher.runApplication(EclipseAppLauncher.java:134) [org.eclipse.osgi_3.12.50.v20170928-1321.jar:na]
	at org.eclipse.core.runtime.internal.adaptor.EclipseAppLauncher.start(EclipseAppLauncher.java:104) [org.eclipse.osgi_3.12.50.v20170928-1321.jar:na]
	at org.eclipse.core.runtime.adaptor.EclipseStarter.run(EclipseStarter.java:388) [org.eclipse.osgi_3.12.50.v20170928-1321.jar:na]
	at org.eclipse.core.runtime.adaptor.EclipseStarter.run(EclipseStarter.java:243) [org.eclipse.osgi_3.12.50.v20170928-1321.jar:na]
	at sun.reflect.NativeMethodAccessorImpl.invoke0(Native Method) ~[na:1.8.0_45]
	at sun.reflect.NativeMethodAccessorImpl.invoke(NativeMethodAccessorImpl.java:62) ~[na:1.8.0_45]
	at sun.reflect.DelegatingMethodAccessorImpl.invoke(DelegatingMethodAccessorImpl.java:43) ~[na:1.8.0_45]
	at java.lang.reflect.Method.invoke(Method.java:497) ~[na:1.8.0_45]
	at org.eclipse.equinox.launcher.Main.invokeFramework(Main.java:653) [org.eclipse.equinox.launcher_1.4.0.v20161219-1356.jar:na]
	at org.eclipse.equinox.launcher.Main.basicRun(Main.java:590) [org.eclipse.equinox.launcher_1.4.0.v20161219-1356.jar:na]
	at org.eclipse.equinox.launcher.Main.run(Main.java:1499) [org.eclipse.equinox.launcher_1.4.0.v20161219-1356.jar:na]
Caused by: org.apache.lucene.queryParser.TokenMgrError: Lexical error at line 1, column 3.  Encountered: <EOF> after : ""
	at org.apache.lucene.queryParser.QueryParserTokenManager.getNextToken(QueryParserTokenManager.java:1229) ~[org.apache.lucene.core_3.5.0.v20120725-1805.jar:3.5.0 1204988 - simon - 2011-11-22 14:46:51]
	at org.apache.lucene.queryParser.QueryParser.jj_scan_token(QueryParser.java:1709) ~[org.apache.lucene.core_3.5.0.v20120725-1805.jar:3.5.0 1204988 - simon - 2011-11-22 14:46:51]
	at org.apache.lucene.queryParser.QueryParser.jj_3R_2(QueryParser.java:1598) ~[org.apache.lucene.core_3.5.0.v20120725-1805.jar:3.5.0 1204988 - simon - 2011-11-22 14:46:51]
	at org.apache.lucene.queryParser.QueryParser.jj_3_1(QueryParser.java:1605) ~[org.apache.lucene.core_3.5.0.v20120725-1805.jar:3.5.0 1204988 - simon - 2011-11-22 14:46:51]
	at org.apache.lucene.queryParser.QueryParser.jj_2_1(QueryParser.java:1585) ~[org.apache.lucene.core_3.5.0.v20120725-1805.jar:3.5.0 1204988 - simon - 2011-11-22 14:46:51]
	at org.apache.lucene.queryParser.QueryParser.Clause(QueryParser.java:1280) ~[org.apache.lucene.core_3.5.0.v20120725-1805.jar:3.5.0 1204988 - simon - 2011-11-22 14:46:51]
	at org.apache.lucene.queryParser.QueryParser.Query(QueryParser.java:1237) ~[org.apache.lucene.core_3.5.0.v20120725-1805.jar:3.5.0 1204988 - simon - 2011-11-22 14:46:51]
	at org.apache.lucene.queryParser.QueryParser.TopLevelQuery(QueryParser.java:1226) ~[org.apache.lucene.core_3.5.0.v20120725-1805.jar:3.5.0 1204988 - simon - 2011-11-22 14:46:51]
	at org.apache.lucene.queryParser.QueryParser.parse(QueryParser.java:206) ~[org.apache.lucene.core_3.5.0.v20120725-1805.jar:3.5.0 1204988 - simon - 2011-11-22 14:46:51]
	... 66 common frames omitted
2018-03-02 21:58:22,875 [Worker-6] INFO  c.g.t.t.d.PublishedGradleVersions - Gradle version information cache is out-of-date. Trying to update.
2018-03-03 10:03:52,324 [Worker-0] INFO  c.g.t.t.d.PublishedGradleVersions - Gradle version information cache is up-to-date. Trying to read.
2018-03-04 14:40:33,276 [Worker-6] INFO  c.g.t.t.d.PublishedGradleVersions - Gradle version information cache is out-of-date. Trying to update.
